#! /usr/local/bin/vvp
:ivl_version "11.0 (devel)" "(s20150603-643-gb43fcccc)";
:ivl_delay_selection "TYPICAL";
:vpi_time_precision - 4;
:vpi_module "system";
:vpi_module "vhdl_sys";
:vpi_module "vhdl_textio";
:vpi_module "v2005_math";
:vpi_module "va_math";
S_0x56388ab44460 .scope module, "gen_signal" "gen_signal" 2 4;
 .timescale -4 -4;
    .port_info 0 /OUTPUT 1 "I";
    .port_info 1 /OUTPUT 1 "S";
P_0x56388ab445f0 .param/l "PERIODO" 0 2 6, +C4<00000000000000000000000000001010>;
v0x56388ab44690_0 .var "I", 0 0;
v0x56388ab8e160_0 .var "S", 0 0;
    .scope S_0x56388ab44460;
T_0 ;
    %pushi/vec4 0, 0, 1;
    %store/vec4 v0x56388ab44690_0, 0, 1;
    %pushi/vec4 1, 0, 1;
    %store/vec4 v0x56388ab8e160_0, 0, 1;
    %delay 10, 0;
    %pushi/vec4 1, 0, 1;
    %store/vec4 v0x56388ab44690_0, 0, 1;
    %pushi/vec4 1, 0, 1;
    %store/vec4 v0x56388ab8e160_0, 0, 1;
    %delay 10, 0;
    %pushi/vec4 0, 0, 1;
    %store/vec4 v0x56388ab44690_0, 0, 1;
    %pushi/vec4 0, 0, 1;
    %store/vec4 v0x56388ab8e160_0, 0, 1;
    %delay 10, 0;
    %pushi/vec4 0, 0, 1;
    %store/vec4 v0x56388ab44690_0, 0, 1;
    %pushi/vec4 0, 0, 1;
    %store/vec4 v0x56388ab8e160_0, 0, 1;
    %delay 10, 0;
    %pushi/vec4 0, 0, 1;
    %store/vec4 v0x56388ab44690_0, 0, 1;
    %pushi/vec4 1, 0, 1;
    %store/vec4 v0x56388ab8e160_0, 0, 1;
    %delay 10, 0;
    %pushi/vec4 1, 0, 1;
    %store/vec4 v0x56388ab44690_0, 0, 1;
    %pushi/vec4 1, 0, 1;
    %store/vec4 v0x56388ab8e160_0, 0, 1;
    %delay 10, 0;
    %pushi/vec4 1, 0, 1;
    %store/vec4 v0x56388ab44690_0, 0, 1;
    %pushi/vec4 0, 0, 1;
    %store/vec4 v0x56388ab8e160_0, 0, 1;
    %delay 10, 0;
    %pushi/vec4 1, 0, 1;
    %store/vec4 v0x56388ab44690_0, 0, 1;
    %pushi/vec4 0, 0, 1;
    %store/vec4 v0x56388ab8e160_0, 0, 1;
    %delay 10, 0;
    %pushi/vec4 0, 0, 1;
    %store/vec4 v0x56388ab44690_0, 0, 1;
    %pushi/vec4 0, 0, 1;
    %store/vec4 v0x56388ab8e160_0, 0, 1;
    %delay 10, 0;
    %pushi/vec4 1, 0, 1;
    %store/vec4 v0x56388ab44690_0, 0, 1;
    %pushi/vec4 0, 0, 1;
    %store/vec4 v0x56388ab8e160_0, 0, 1;
    %delay 10, 0;
    %pushi/vec4 1, 0, 1;
    %store/vec4 v0x56388ab44690_0, 0, 1;
    %pushi/vec4 0, 0, 1;
    %store/vec4 v0x56388ab8e160_0, 0, 1;
    %delay 10, 0;
    %pushi/vec4 1, 0, 1;
    %store/vec4 v0x56388ab44690_0, 0, 1;
    %pushi/vec4 1, 0, 1;
    %store/vec4 v0x56388ab8e160_0, 0, 1;
    %delay 10, 0;
    %pushi/vec4 1, 0, 1;
    %store/vec4 v0x56388ab44690_0, 0, 1;
    %pushi/vec4 0, 0, 1;
    %store/vec4 v0x56388ab8e160_0, 0, 1;
    %delay 10, 0;
    %pushi/vec4 0, 0, 1;
    %store/vec4 v0x56388ab44690_0, 0, 1;
    %pushi/vec4 0, 0, 1;
    %store/vec4 v0x56388ab8e160_0, 0, 1;
    %delay 10, 0;
    %pushi/vec4 1, 0, 1;
    %store/vec4 v0x56388ab44690_0, 0, 1;
    %pushi/vec4 0, 0, 1;
    %store/vec4 v0x56388ab8e160_0, 0, 1;
    %delay 10, 0;
    %pushi/vec4 1, 0, 1;
    %store/vec4 v0x56388ab44690_0, 0, 1;
    %pushi/vec4 1, 0, 1;
    %store/vec4 v0x56388ab8e160_0, 0, 1;
    %delay 10, 0;
    %pushi/vec4 0, 0, 1;
    %store/vec4 v0x56388ab44690_0, 0, 1;
    %pushi/vec4 0, 0, 1;
    %store/vec4 v0x56388ab8e160_0, 0, 1;
    %end;
    .thread T_0;
# The file index is used to find the file name in the following table.
:file_names 3;
    "N/A";
    "<interactive>";
    "Gen_signal.v";
