#! /usr/local/bin/vvp
:ivl_version "11.0 (devel)" "(s20150603-643-gb43fcccc)";
:ivl_delay_selection "TYPICAL";
:vpi_time_precision + 0;
:vpi_module "system";
:vpi_module "vhdl_sys";
:vpi_module "vhdl_textio";
:vpi_module "v2005_math";
:vpi_module "va_math";
S_0x561462834a80 .scope module, "Moore" "Moore" 2 2;
 .timescale 0 0;
    .port_info 0 /INPUT 1 "clk";
    .port_info 1 /INPUT 1 "rst";
    .port_info 2 /INPUT 1 "I";
    .port_info 3 /INPUT 1 "S";
    .port_info 4 /OUTPUT 1 "Q_1";
    .port_info 5 /OUTPUT 1 "Q_0";
o0x7f4616efb918 .functor BUFZ 1, C4<z>; HiZ drive
L_0x5614628626e0 .functor NOT 1, o0x7f4616efb918, C4<0>, C4<0>, C4<0>;
o0x7f4616efb6a8 .functor BUFZ 1, C4<z>; HiZ drive
L_0x561462862780 .functor NOT 1, o0x7f4616efb6a8, C4<0>, C4<0>, C4<0>;
L_0x561462862850 .functor NOT 1, L_0x561462862920, C4<0>, C4<0>, C4<0>;
L_0x561462862b30 .functor NOT 1, L_0x561462862c20, C4<0>, C4<0>, C4<0>;
L_0x561462862d10 .functor AND 1, L_0x561462862db0, L_0x5614628626e0, C4<1>, C4<1>;
L_0x561462862ee0 .functor AND 1, L_0x561462862fe0, L_0x561462862780, C4<1>, C4<1>;
L_0x5614628630d0 .functor AND 1, L_0x561462863140, L_0x5614628626e0, C4<1>, C4<1>;
L_0x561462863280 .functor AND 1, L_0x561462863340, L_0x561462862780, C4<1>, C4<1>;
L_0x561462863430 .functor AND 1, L_0x561462862780, L_0x5614628626e0, C4<1>, C4<1>;
L_0x561462863530 .functor OR 1, L_0x561462862d10, L_0x561462862ee0, L_0x561462863430, C4<0>;
L_0x561462863780 .functor OR 1, L_0x5614628630d0, L_0x561462863280, L_0x561462863430, C4<0>;
L_0x561462863890 .functor XNOR 1, L_0x561462863970, L_0x561462863a60, C4<0>, C4<0>;
L_0x561462863bc0 .functor AND 1, o0x7f4616efb6a8, L_0x5614628626e0, L_0x561462863890, C4<1>;
o0x7f4616efb888 .functor BUFZ 1, C4<z>; HiZ drive
L_0x561462863d10 .functor NOT 1, o0x7f4616efb888, C4<0>, C4<0>, C4<0>;
v0x561462860530_0 .net "E", 1 0, L_0x561462863680;  1 drivers
v0x561462860630_0 .net "Eclock", 0 0, L_0x561462863bc0;  1 drivers
v0x5614628606f0_0 .net "I", 0 0, o0x7f4616efb6a8;  0 drivers
v0x561462860790_0 .net "I_neg", 0 0, L_0x561462862780;  1 drivers
v0x561462860830_0 .net "Q", 1 0, L_0x561462864060;  1 drivers
v0x561462860960_0 .net "Q_0", 0 0, L_0x5614628625c0;  1 drivers
v0x561462860a20_0 .net "Q_0I_neg", 0 0, L_0x561462862ee0;  1 drivers
v0x561462860ae0_0 .net "Q_0S_neg", 0 0, L_0x561462862d10;  1 drivers
v0x561462860ba0_0 .net "Q_0xorQ_1", 0 0, L_0x561462863890;  1 drivers
v0x561462860c60_0 .net "Q_1", 0 0, L_0x561462862520;  1 drivers
v0x561462860d20_0 .net "Q_1I_neg", 0 0, L_0x561462863280;  1 drivers
v0x561462860de0_0 .net "Q_1S_neg", 0 0, L_0x5614628630d0;  1 drivers
o0x7f4616efb318 .functor BUFZ 1, C4<z>; HiZ drive
v0x561462860ea0_0 .net "Q_T", 0 0, o0x7f4616efb318;  0 drivers
v0x561462860f40_0 .net "Q_T_sig", 0 0, o0x7f4616efb888;  0 drivers
v0x561462860fe0_0 .net "Q_T_sig_neg", 0 0, L_0x561462863d10;  1 drivers
v0x5614628610b0_0 .net "Q_Tsig", 0 0, v0x56146285f550_0;  1 drivers
v0x561462861150_0 .net "Q_sig", 1 0, L_0x561462864350;  1 drivers
v0x561462861320_0 .net "Q_sig_neg", 1 0, L_0x561462862a10;  1 drivers
v0x561462861400_0 .net "S", 0 0, o0x7f4616efb918;  0 drivers
v0x5614628614c0_0 .net "S_neg", 0 0, L_0x5614628626e0;  1 drivers
v0x561462861580_0 .net "S_negI_neg", 0 0, L_0x561462863430;  1 drivers
v0x561462861640_0 .net *"_s10", 0 0, L_0x561462862920;  1 drivers
v0x561462861720_0 .net *"_s12", 0 0, L_0x561462862b30;  1 drivers
v0x561462861800_0 .net *"_s16", 0 0, L_0x561462862c20;  1 drivers
v0x5614628618e0_0 .net *"_s19", 0 0, L_0x561462862db0;  1 drivers
v0x5614628619c0_0 .net *"_s22", 0 0, L_0x561462862fe0;  1 drivers
v0x561462861aa0_0 .net *"_s25", 0 0, L_0x561462863140;  1 drivers
v0x561462861b80_0 .net *"_s28", 0 0, L_0x561462863340;  1 drivers
v0x561462861c60_0 .net *"_s31", 0 0, L_0x561462863530;  1 drivers
v0x561462861d40_0 .net *"_s34", 0 0, L_0x561462863780;  1 drivers
v0x561462861e20_0 .net *"_s39", 0 0, L_0x561462863970;  1 drivers
v0x561462861f00_0 .net *"_s41", 0 0, L_0x561462863a60;  1 drivers
v0x561462861fe0_0 .net *"_s7", 0 0, L_0x561462862850;  1 drivers
o0x7f4616efb018 .functor BUFZ 1, C4<z>; HiZ drive
v0x5614628622d0_0 .net "clk", 0 0, o0x7f4616efb018;  0 drivers
o0x7f4616efb0a8 .functor BUFZ 1, C4<z>; HiZ drive
v0x5614628623c0_0 .net "rst", 0 0, o0x7f4616efb0a8;  0 drivers
L_0x561462862520 .part L_0x561462864350, 1, 1;
L_0x5614628625c0 .part L_0x561462864350, 0, 1;
L_0x561462862920 .part L_0x561462864350, 0, 1;
L_0x561462862a10 .concat8 [ 1 1 0 0], L_0x561462862850, L_0x561462862b30;
L_0x561462862c20 .part L_0x561462864350, 1, 1;
L_0x561462862db0 .part L_0x561462864350, 0, 1;
L_0x561462862fe0 .part L_0x561462864350, 0, 1;
L_0x561462863140 .part L_0x561462864350, 1, 1;
L_0x561462863340 .part L_0x561462864350, 1, 1;
L_0x561462863680 .concat8 [ 1 1 0 0], L_0x561462863780, L_0x561462863530;
L_0x561462863970 .part L_0x561462864350, 0, 1;
L_0x561462863a60 .part L_0x561462864350, 1, 1;
L_0x561462863e50 .part L_0x561462863680, 1, 1;
L_0x561462863f40 .part L_0x561462863680, 0, 1;
L_0x561462864060 .concat8 [ 1 1 0 0], v0x56146285fae0_0, v0x561462860180_0;
L_0x561462864100 .part L_0x561462864060, 0, 1;
L_0x5614628642b0 .part L_0x561462864060, 1, 1;
L_0x561462864350 .concat8 [ 1 1 0 0], v0x561462833f50_0, v0x56146285efd0_0;
S_0x561462840530 .scope module, "FFD_0" "flip_flop_D" 2 46, 2 54 0, S_0x561462834a80;
 .timescale 0 0;
    .port_info 0 /INPUT 1 "Clock";
    .port_info 1 /INPUT 1 "Reset";
    .port_info 2 /INPUT 1 "D";
    .port_info 3 /OUTPUT 1 "Q";
v0x5614628345b0_0 .net "Clock", 0 0, o0x7f4616efb018;  alias, 0 drivers
v0x561462834e90_0 .net "D", 0 0, L_0x561462864100;  1 drivers
v0x561462833f50_0 .var "Q", 0 0;
v0x56146285eae0_0 .net "Reset", 0 0, o0x7f4616efb0a8;  alias, 0 drivers
E_0x561462839a20 .event posedge, v0x5614628345b0_0, v0x56146285eae0_0;
S_0x56146285ec20 .scope module, "FFD_1" "flip_flop_D" 2 47, 2 54 0, S_0x561462834a80;
 .timescale 0 0;
    .port_info 0 /INPUT 1 "Clock";
    .port_info 1 /INPUT 1 "Reset";
    .port_info 2 /INPUT 1 "D";
    .port_info 3 /OUTPUT 1 "Q";
v0x56146285ee90_0 .net "Clock", 0 0, o0x7f4616efb018;  alias, 0 drivers
v0x56146285ef30_0 .net "D", 0 0, L_0x5614628642b0;  1 drivers
v0x56146285efd0_0 .var "Q", 0 0;
v0x56146285f070_0 .net "Reset", 0 0, o0x7f4616efb0a8;  alias, 0 drivers
S_0x56146285f1d0 .scope module, "FF_T" "flip_flop_T" 2 37, 2 65 0, S_0x561462834a80;
 .timescale 0 0;
    .port_info 0 /INPUT 1 "Clock";
    .port_info 1 /INPUT 1 "Reset";
    .port_info 2 /INPUT 1 "T";
    .port_info 3 /OUTPUT 1 "Q";
v0x56146285f470_0 .net "Clock", 0 0, L_0x561462863bc0;  alias, 1 drivers
v0x56146285f550_0 .var "Q", 0 0;
v0x56146285f610_0 .net "Reset", 0 0, o0x7f4616efb0a8;  alias, 0 drivers
v0x56146285f730_0 .net "T", 0 0, o0x7f4616efb318;  alias, 0 drivers
E_0x561462839b30 .event posedge, v0x56146285f470_0, v0x56146285eae0_0;
S_0x56146285f850 .scope module, "mux1_1" "mux1" 2 43, 2 80 0, S_0x561462834a80;
 .timescale 0 0;
    .port_info 0 /INPUT 1 "select";
    .port_info 1 /INPUT 1 "in1";
    .port_info 2 /INPUT 1 "in2";
    .port_info 3 /OUTPUT 1 "d";
v0x56146285fae0_0 .var "d", 0 0;
v0x56146285fbc0_0 .net "in1", 0 0, v0x56146285f550_0;  alias, 1 drivers
v0x56146285fcb0_0 .net "in2", 0 0, L_0x561462863e50;  1 drivers
v0x56146285fd80_0 .net "select", 0 0, L_0x561462863bc0;  alias, 1 drivers
E_0x561462839850 .event edge, v0x56146285fcb0_0, v0x56146285f550_0;
S_0x56146285fea0 .scope module, "mux1_2" "mux1" 2 44, 2 80 0, S_0x561462834a80;
 .timescale 0 0;
    .port_info 0 /INPUT 1 "select";
    .port_info 1 /INPUT 1 "in1";
    .port_info 2 /INPUT 1 "in2";
    .port_info 3 /OUTPUT 1 "d";
v0x561462860180_0 .var "d", 0 0;
v0x561462860260_0 .net "in1", 0 0, L_0x561462863d10;  alias, 1 drivers
v0x561462860320_0 .net "in2", 0 0, L_0x561462863f40;  1 drivers
v0x5614628603c0_0 .net "select", 0 0, L_0x561462863bc0;  alias, 1 drivers
E_0x561462825960 .event edge, v0x561462860320_0, v0x561462860260_0;
    .scope S_0x56146285f1d0;
T_0 ;
    %wait E_0x561462839b30;
    %load/vec4 v0x56146285f610_0;
    %pad/u 32;
    %cmpi/e 1, 0, 32;
    %jmp/0xz  T_0.0, 4;
    %pushi/vec4 0, 0, 1;
    %assign/vec4 v0x56146285f550_0, 0;
    %jmp T_0.1;
T_0.0 ;
    %load/vec4 v0x56146285f730_0;
    %flag_set/vec4 8;
    %jmp/0xz  T_0.2, 8;
    %load/vec4 v0x56146285f550_0;
    %inv;
    %assign/vec4 v0x56146285f550_0, 0;
    %jmp T_0.3;
T_0.2 ;
    %load/vec4 v0x56146285f550_0;
    %assign/vec4 v0x56146285f550_0, 0;
T_0.3 ;
T_0.1 ;
    %jmp T_0;
    .thread T_0;
    .scope S_0x56146285f850;
T_1 ;
    %wait E_0x561462839850;
    %load/vec4 v0x56146285fd80_0;
    %pad/u 32;
    %cmpi/e 1, 0, 32;
    %jmp/0xz  T_1.0, 4;
    %load/vec4 v0x56146285fbc0_0;
    %store/vec4 v0x56146285fae0_0, 0, 1;
    %jmp T_1.1;
T_1.0 ;
    %load/vec4 v0x56146285fcb0_0;
    %store/vec4 v0x56146285fae0_0, 0, 1;
T_1.1 ;
    %jmp T_1;
    .thread T_1, $push;
    .scope S_0x56146285fea0;
T_2 ;
    %wait E_0x561462825960;
    %load/vec4 v0x5614628603c0_0;
    %pad/u 32;
    %cmpi/e 1, 0, 32;
    %jmp/0xz  T_2.0, 4;
    %load/vec4 v0x561462860260_0;
    %store/vec4 v0x561462860180_0, 0, 1;
    %jmp T_2.1;
T_2.0 ;
    %load/vec4 v0x561462860320_0;
    %store/vec4 v0x561462860180_0, 0, 1;
T_2.1 ;
    %jmp T_2;
    .thread T_2, $push;
    .scope S_0x561462840530;
T_3 ;
    %wait E_0x561462839a20;
    %load/vec4 v0x56146285eae0_0;
    %pad/u 32;
    %cmpi/e 1, 0, 32;
    %jmp/0xz  T_3.0, 4;
    %pushi/vec4 0, 0, 1;
    %assign/vec4 v0x561462833f50_0, 0;
    %jmp T_3.1;
T_3.0 ;
    %load/vec4 v0x561462834e90_0;
    %assign/vec4 v0x561462833f50_0, 0;
T_3.1 ;
    %jmp T_3;
    .thread T_3;
    .scope S_0x56146285ec20;
T_4 ;
    %wait E_0x561462839a20;
    %load/vec4 v0x56146285f070_0;
    %pad/u 32;
    %cmpi/e 1, 0, 32;
    %jmp/0xz  T_4.0, 4;
    %pushi/vec4 0, 0, 1;
    %assign/vec4 v0x56146285efd0_0, 0;
    %jmp T_4.1;
T_4.0 ;
    %load/vec4 v0x56146285ef30_0;
    %assign/vec4 v0x56146285efd0_0, 0;
T_4.1 ;
    %jmp T_4;
    .thread T_4;
# The file index is used to find the file name in the following table.
:file_names 3;
    "N/A";
    "<interactive>";
    "Moore.v";
